<?xml version="1.0" encoding="UTF-8"?>
<!-- Generated by org.testng.reporters.JUnitReportReporter -->
<testsuite skipped="0" hostname="veremenyuk_s1" name="Task3.CreateFileTest" tests="2" failures="0" timestamp="14 Nov 2017 15:11:13 GMT" time="0.005" errors="0">
  <testcase name="newFileTest" time="0.002" classname="Task3.CreateFileTest"/>
  <testcase name="theSameFileTest" time="0.003" classname="Task3.CreateFileTest"/>
</testsuite> <!-- Task3.CreateFileTest -->
