<?xml version="1.0" encoding="UTF-8"?>
<!-- Generated by org.testng.reporters.JUnitReportReporter -->
<testsuite skipped="0" hostname="veremenyuk_s1" name="Task3.CreateFileTest" tests="4" failures="0" timestamp="15 Nov 2017 20:04:39 GMT" time="0.019" errors="0">
  <testcase name="wrongFileNameTest" time="0.000" classname="Task3.CreateFileTest"/>
  <testcase name="newFileTest" time="0.017" classname="Task3.CreateFileTest"/>
  <testcase name="nonExistingDirTest" time="0.000" classname="Task3.CreateFileTest"/>
  <testcase name="theSameFileTest" time="0.002" classname="Task3.CreateFileTest"/>
</testsuite> <!-- Task3.CreateFileTest -->
