<?xml version="1.0" encoding="UTF-8"?>
<!-- Generated by org.testng.reporters.JUnitReportReporter -->
<testsuite skipped="0" hostname="veremenyuk_s1" name="base.FirstTest" tests="1" failures="0" timestamp="14 Nov 2017 15:11:13 GMT" time="0.012" errors="0">
  <testcase name="test" time="0.012" classname="base.FirstTest"/>
</testsuite> <!-- base.FirstTest -->
