<?xml version="1.0" encoding="UTF-8"?>
<!-- Generated by org.testng.reporters.JUnitReportReporter -->
<testsuite skipped="0" hostname="veremenyuk_s1" name="base.FirstTest" tests="1" failures="0" timestamp="15 Nov 2017 09:15:56 GMT" time="0.022" errors="0">
  <testcase name="test" time="0.022" classname="base.FirstTest"/>
</testsuite> <!-- base.FirstTest -->
